 irec           1           1
 ndi=       14916
14916
 LATTICE COORDINATES
    1  0.0000  0.0000  0.0000    2 -1.4306 -1.4306 -1.4306
    3  1.4306 -1.4306 -1.4306    4 -1.4306  1.4306 -1.4306
    5  1.4306  1.4306 -1.4306    6 -1.4306 -1.4306  1.4306
    7  1.4306 -1.4306  1.4306    8 -1.4306  1.4306  1.4306
    9  1.4306  1.4306  1.4306   10  0.0000 -2.8612  0.0000
   11 -2.8612  0.0000  0.0000   12  2.8612  0.0000  0.0000
   13  0.0000  2.8612  0.0000   14  0.0000  0.0000  2.8612
 ndi=       14916
 remd
 outmap          14           1
 NEAREST NEIGHBOUR MAP
      ATOM   TYPE  CONNECTIVITY     NEIGHBOURS
    1   8  15      0    5    3    4    2   12   13   10   11    9    7    8    6   14
    2   2  15      0    0    0    0    0    3    4   23   25    1   10   11   15    6
    3   2  15      0    0    0    0    0   26    5   24    2   12   16    1   10    7
    4   2  15      0    0    0    0    0    5   29    2   27   13    1   17   11    8
    5   2  15      0    0    0    0    0   28   30    3    4   18   12   13    1    9
    6   4  15      2    1   10   11   15    7    8   31   33   14   19   20   43   39
    7   4  15      3   12   16    1   10   34    9   32    6   21   44   14   19   40
    8   4  15      4   13    1   17   11    9   37    6   35   22   14   45   20   41
    9   4  15      5   18   12   13    1   36   38    7    8   46   21   22   14   42
   10   3  15      0    3   24    2   23   16    1   47   15    7   32    6   31   19
   11   3  15      0    4    2   27   25    1   17   15   48    8    6   35   33   20
   12   3  15      0   28   26    5    3   49   18   16    1   36   34    9    7   21
   13   3  15      0   30    5   29    4   18   50    1   17   38    9   37    8   22
   14   5  15      1    9    7    8    6   21   22   19   20   42   40   41   39   51
14916   15
 Sbar atom no:    1 Ntot:    1
  259
  0.0000  0.0000  0.0000
  1.4306  1.4306 -7.1530
  0.0000  0.0000 -8.5836
  0.0000  0.0000 -5.7224
  2.8612  0.0000 -5.7224
  0.0000  2.8612 -5.7224
  2.8612  2.8612 -5.7224
  1.4306 -1.4306 -7.1530
 -1.4306  1.4306 -7.1530
  4.2918  1.4306 -7.1530
  1.4306  4.2918 -7.1530
  1.4306  1.4306 -4.2918
 -1.4306 -1.4306 -7.1530
  4.2918 -1.4306 -7.1530
 -1.4306  4.2918 -7.1530
  1.4306 -1.4306 -4.2918
 -1.4306  1.4306 -4.2918
  4.2918  1.4306 -4.2918
  1.4306  4.2918 -4.2918
  0.0000 -2.8612 -5.7224
  2.8612 -2.8612 -5.7224
 -2.8612  0.0000 -5.7224
  5.7224  0.0000 -5.7224
 -2.8612  2.8612 -5.7224
  5.7224  2.8612 -5.7224
  0.0000  5.7224 -5.7224
  2.8612  5.7224 -5.7224
  0.0000  0.0000 -2.8612
  2.8612  0.0000 -2.8612
  0.0000  2.8612 -2.8612
  2.8612  2.8612 -2.8612
 -1.4306 -1.4306 -4.2918
  4.2918 -1.4306 -4.2918
 -1.4306  4.2918 -4.2918
  4.2918  4.2918 -4.2918
  1.4306 -4.2918 -7.1530
 -4.2918  1.4306 -7.1530
  1.4306  1.4306 -1.4306
 -2.8612 -2.8612 -5.7224
  5.7224 -2.8612 -5.7224
 -2.8612  5.7224 -5.7224
  0.0000 -2.8612 -2.8612
  2.8612 -2.8612 -2.8612
 -2.8612  0.0000 -2.8612
  5.7224  0.0000 -2.8612
 -2.8612  2.8612 -2.8612
  5.7224  2.8612 -2.8612
  0.0000  5.7224 -2.8612
  2.8612  5.7224 -2.8612
 -1.4306 -4.2918 -7.1530
 -4.2918 -1.4306 -7.1530
  1.4306 -4.2918 -4.2918
 -4.2918  1.4306 -4.2918
  7.1530  1.4306 -4.2918
  1.4306  7.1530 -4.2918
  1.4306 -1.4306 -1.4306
 -1.4306  1.4306 -1.4306
  4.2918  1.4306 -1.4306
  1.4306  4.2918 -1.4306
 -1.4306 -4.2918 -4.2918
  4.2918 -4.2918 -4.2918
 -4.2918 -1.4306 -4.2918
  7.1530 -1.4306 -4.2918
 -4.2918  4.2918 -4.2918
 -1.4306  7.1530 -4.2918
 -1.4306 -1.4306 -1.4306
  4.2918 -1.4306 -1.4306
 -1.4306  4.2918 -1.4306
  4.2918  4.2918 -1.4306
  0.0000 -5.7224 -5.7224
  2.8612 -5.7224 -5.7224
 -5.7224  0.0000 -5.7224
 -5.7224  2.8612 -5.7224
 -2.8612 -2.8612 -2.8612
  5.7224 -2.8612 -2.8612
 -2.8612  5.7224 -2.8612
  5.7224  5.7224 -2.8612
  2.8612  0.0000  0.0000
  0.0000  2.8612  0.0000
  2.8612  2.8612  0.0000
  1.4306 -4.2918 -1.4306
 -4.2918  1.4306 -1.4306
  7.1530  1.4306 -1.4306
  1.4306  7.1530 -1.4306
 -2.8612 -5.7224 -5.7224
 -5.7224 -2.8612 -5.7224
  0.0000 -5.7224 -2.8612
  2.8612 -5.7224 -2.8612
 -5.7224  0.0000 -2.8612
 -5.7224  2.8612 -2.8612
  0.0000 -2.8612  0.0000
  2.8612 -2.8612  0.0000
 -2.8612  0.0000  0.0000
  5.7224  0.0000  0.0000
 -2.8612  2.8612  0.0000
  5.7224  2.8612  0.0000
  0.0000  5.7224  0.0000
  2.8612  5.7224  0.0000
 -4.2918 -4.2918 -4.2918
 -1.4306 -4.2918 -1.4306
  4.2918 -4.2918 -1.4306
 -4.2918 -1.4306 -1.4306
  7.1530 -1.4306 -1.4306
 -4.2918  4.2918 -1.4306
  7.1530  4.2918 -1.4306
 -1.4306  7.1530 -1.4306
  4.2918  7.1530 -1.4306
  1.4306  1.4306  1.4306
  1.4306 -7.1530 -4.2918
 -7.1530  1.4306 -4.2918
  1.4306 -1.4306  1.4306
 -1.4306  1.4306  1.4306
  4.2918  1.4306  1.4306
  1.4306  4.2918  1.4306
 -2.8612 -5.7224 -2.8612
  5.7224 -5.7224 -2.8612
 -5.7224 -2.8612 -2.8612
 -5.7224  5.7224 -2.8612
 -2.8612 -2.8612  0.0000
  5.7224 -2.8612  0.0000
 -2.8612  5.7224  0.0000
  5.7224  5.7224  0.0000
 -1.4306 -7.1530 -4.2918
 -7.1530 -1.4306 -4.2918
 -1.4306 -1.4306  1.4306
  4.2918 -1.4306  1.4306
 -1.4306  4.2918  1.4306
  4.2918  4.2918  1.4306
 -4.2918 -4.2918 -1.4306
  7.1530 -4.2918 -1.4306
 -4.2918  7.1530 -1.4306
  0.0000 -5.7224  0.0000
  2.8612 -5.7224  0.0000
 -5.7224  0.0000  0.0000
  8.5836  0.0000  0.0000
 -5.7224  2.8612  0.0000
  0.0000  8.5836  0.0000
  0.0000  0.0000  2.8612
  2.8612  0.0000  2.8612
  0.0000  2.8612  2.8612
  2.8612  2.8612  2.8612
  1.4306 -7.1530 -1.4306
 -7.1530  1.4306 -1.4306
  1.4306 -4.2918  1.4306
 -4.2918  1.4306  1.4306
  7.1530  1.4306  1.4306
  1.4306  7.1530  1.4306
 -1.4306 -7.1530 -1.4306
  4.2918 -7.1530 -1.4306
 -7.1530 -1.4306 -1.4306
 -7.1530  4.2918 -1.4306
 -1.4306 -4.2918  1.4306
  4.2918 -4.2918  1.4306
 -4.2918 -1.4306  1.4306
  7.1530 -1.4306  1.4306
 -4.2918  4.2918  1.4306
  7.1530  4.2918  1.4306
 -1.4306  7.1530  1.4306
  4.2918  7.1530  1.4306
 -5.7224 -5.7224 -2.8612
 -2.8612 -5.7224  0.0000
  5.7224 -5.7224  0.0000
 -5.7224 -2.8612  0.0000
 -5.7224  5.7224  0.0000
  0.0000 -2.8612  2.8612
  2.8612 -2.8612  2.8612
 -2.8612  0.0000  2.8612
  5.7224  0.0000  2.8612
 -2.8612  2.8612  2.8612
  5.7224  2.8612  2.8612
  0.0000  5.7224  2.8612
  2.8612  5.7224  2.8612
  1.4306  1.4306  4.2918
 -2.8612 -2.8612  2.8612
  5.7224 -2.8612  2.8612
 -2.8612  5.7224  2.8612
  5.7224  5.7224  2.8612
 -4.2918 -7.1530 -1.4306
 -7.1530 -4.2918 -1.4306
 -4.2918 -4.2918  1.4306
  7.1530 -4.2918  1.4306
 -4.2918  7.1530  1.4306
  1.4306 -1.4306  4.2918
 -1.4306  1.4306  4.2918
  4.2918  1.4306  4.2918
  1.4306  4.2918  4.2918
  1.4306 -7.1530  1.4306
 -7.1530  1.4306  1.4306
 -1.4306 -1.4306  4.2918
  4.2918 -1.4306  4.2918
 -1.4306  4.2918  4.2918
  4.2918  4.2918  4.2918
  0.0000 -8.5836  0.0000
 -5.7224 -5.7224  0.0000
 -8.5836  0.0000  0.0000
  0.0000 -5.7224  2.8612
  2.8612 -5.7224  2.8612
 -5.7224  0.0000  2.8612
 -5.7224  2.8612  2.8612
 -1.4306 -7.1530  1.4306
  4.2918 -7.1530  1.4306
 -7.1530 -1.4306  1.4306
 -7.1530  4.2918  1.4306
  1.4306 -4.2918  4.2918
 -4.2918  1.4306  4.2918
  7.1530  1.4306  4.2918
  1.4306  7.1530  4.2918
 -2.8612 -5.7224  2.8612
  5.7224 -5.7224  2.8612
 -5.7224 -2.8612  2.8612
 -5.7224  5.7224  2.8612
  0.0000  0.0000  5.7224
  2.8612  0.0000  5.7224
  0.0000  2.8612  5.7224
  2.8612  2.8612  5.7224
 -1.4306 -4.2918  4.2918
  4.2918 -4.2918  4.2918
 -4.2918 -1.4306  4.2918
  7.1530 -1.4306  4.2918
 -4.2918  4.2918  4.2918
 -1.4306  7.1530  4.2918
 -4.2918 -7.1530  1.4306
 -7.1530 -4.2918  1.4306
  0.0000 -2.8612  5.7224
  2.8612 -2.8612  5.7224
 -2.8612  0.0000  5.7224
  5.7224  0.0000  5.7224
 -2.8612  2.8612  5.7224
  5.7224  2.8612  5.7224
  0.0000  5.7224  5.7224
  2.8612  5.7224  5.7224
 -4.2918 -4.2918  4.2918
 -5.7224 -5.7224  2.8612
 -2.8612 -2.8612  5.7224
  5.7224 -2.8612  5.7224
 -2.8612  5.7224  5.7224
  1.4306 -7.1530  4.2918
 -7.1530  1.4306  4.2918
  1.4306  1.4306  7.1530
 -1.4306 -7.1530  4.2918
 -7.1530 -1.4306  4.2918
  1.4306 -1.4306  7.1530
 -1.4306  1.4306  7.1530
  4.2918  1.4306  7.1530
  1.4306  4.2918  7.1530
  0.0000 -5.7224  5.7224
  2.8612 -5.7224  5.7224
 -5.7224  0.0000  5.7224
 -5.7224  2.8612  5.7224
 -1.4306 -1.4306  7.1530
  4.2918 -1.4306  7.1530
 -1.4306  4.2918  7.1530
 -2.8612 -5.7224  5.7224
 -5.7224 -2.8612  5.7224
  1.4306 -4.2918  7.1530
